Base path: 'C:/Program Files/Unity/Hub/Editor/2019.3.5f1/Editor/Data', plugins path 'C:/Program Files/Unity/Hub/Editor/2019.3.5f1/Editor/Data/PlaybackEngines'
Cmd: initializeCompiler
Cmd: compileComputeKernel
  api=18 insize=1372 outsize=2472 ok=1
Cmd: compileComputeKernel
  api=4 insize=1372 outsize=620 ok=1
Cmd: compileComputeKernel
  api=9 insize=5015 outsize=6777 ok=1
Cmd: compileComputeKernel
  api=18 insize=10338 outsize=9258 ok=1
Cmd: compileComputeKernel
  api=18 insize=10338 outsize=14182 ok=1
Cmd: compileComputeKernel
  api=18 insize=10338 outsize=13383 ok=1
Cmd: compileComputeKernel
  api=9 insize=10338 outsize=8317 ok=1
Cmd: compileComputeKernel
  api=9 insize=10338 outsize=7762 ok=1
Cmd: compileComputeKernel
  api=9 insize=1165 outsize=2753 ok=1
Cmd: compileComputeKernel
  api=4 insize=6373 outsize=2003 ok=1
Cmd: compileComputeKernel
  api=18 insize=5815 outsize=7359 ok=1
Cmd: compileComputeKernel
  api=4 insize=1967 outsize=1398 ok=1
Cmd: initializeCompiler
Cmd: compileSnippet
  api=4 type=1 insize=898 outsize=282 kw= pd=UNITY_NO_DXT5nm UNITY_ENABLE_REFLECTION_BUFFERS UNITY_NO_CUBEMAP_ARRAY UNITY_NO_SCREENSPACE_SHADOWS UNITY_PBS_USE_BRDF2 SHADER_API_DESKTOP UNITY_HARDWARE_TIER3 UNITY_COLORSPACE_GAMMA UNITY_LIGHTMAP_DLDR_ENCODING ok=1
